This file contains any messages produced by compilers while
running configure, to aid debugging if configure makes a mistake.

It was created by ccache-swig configure 0.0, which was
generated by GNU Autoconf 2.69.  Invocation command line was

  $ ./configure --disable-option-checking --prefix=/usr/local --cache-file=/dev/null --srcdir=.

## --------- ##
## Platform. ##
## --------- ##

hostname = localhost
uname -m = x86_64
uname -r = 16.6.0
uname -s = Darwin
uname -v = Darwin Kernel Version 16.6.0: Fri Apr 14 16:21:16 PDT 2017; root:xnu-3789.60.24~6/RELEASE_X86_64

/usr/bin/uname -p = i386
/bin/uname -X     = unknown

/bin/arch              = unknown
/usr/bin/arch -k       = unknown
/usr/convex/getsysinfo = unknown
/usr/bin/hostinfo      = Mach kernel version:
	 Darwin Kernel Version 16.6.0: Fri Apr 14 16:21:16 PDT 2017; root:xnu-3789.60.24~6/RELEASE_X86_64
Kernel configured for up to 4 processors.
2 processors are physically available.
4 processors are logically available.
Processor type: x86_64h (Intel x86-64h Haswell)
Processors active: 0 1 2 3
Primary memory available: 8.00 gigabytes
Default processor set: 290 tasks, 1102 threads, 4 processors
Load average: 2.25, Mach factor: 1.74
/bin/machine           = unknown
/usr/bin/oslevel       = unknown
/bin/universe          = unknown

PATH: /Users/zhangpeng/Library/Android/sdk/platform-tools
PATH: /Users/zhangpeng/bin/FDK/Tools/osx/
PATH: /usr/local/include/glib-2.0/
PATH: /Users/zhangpeng/depot_tools
PATH: /usr/local/include/
PATH: /usr/local/bin
PATH: /usr/bin
PATH: /bin
PATH: /usr/sbin
PATH: /sbin
PATH: .


## ----------- ##
## Core tests. ##
## ----------- ##

configure:2097: Configuring ccache
configure:2151: checking for gcc
configure:2167: found /usr/bin/gcc
configure:2178: result: gcc
configure:2407: checking for C compiler version
configure:2416: gcc --version >&5
Apple LLVM version 8.1.0 (clang-802.0.42)
Target: x86_64-apple-darwin16.6.0
Thread model: posix
InstalledDir: /Applications/Xcode.app/Contents/Developer/Toolchains/XcodeDefault.xctoolchain/usr/bin
Configured with: --prefix=/Applications/Xcode.app/Contents/Developer/usr --with-gxx-include-dir=/Applications/Xcode.app/Contents/Developer/Platforms/MacOSX.platform/Developer/SDKs/MacOSX10.12.sdk/usr/include/c++/4.2.1
configure:2427: $? = 0
configure:2416: gcc -v >&5
Configured with: --prefix=/Applications/Xcode.app/Contents/Developer/usr --with-gxx-include-dir=/Applications/Xcode.app/Contents/Developer/Platforms/MacOSX.platform/Developer/SDKs/MacOSX10.12.sdk/usr/include/c++/4.2.1
Apple LLVM version 8.1.0 (clang-802.0.42)
Target: x86_64-apple-darwin16.6.0
Thread model: posix
InstalledDir: /Applications/Xcode.app/Contents/Developer/Toolchains/XcodeDefault.xctoolchain/usr/bin
configure:2427: $? = 0
configure:2416: gcc -V >&5
clang: error: argument to '-V' is missing (expected 1 value)
clang: error: no input files
configure:2427: $? = 1
configure:2416: gcc -qversion >&5
clang: error: unknown argument: '-qversion'
clang: error: no input files
configure:2427: $? = 1
configure:2447: checking whether the C compiler works
configure:2469: gcc   -I/usr/local/Cellar/pcre/8.40/include  conftest.c  >&5
configure:2473: $? = 0
configure:2521: result: yes
configure:2524: checking for C compiler default output file name
configure:2526: result: a.out
configure:2532: checking for suffix of executables
configure:2539: gcc -o conftest   -I/usr/local/Cellar/pcre/8.40/include  conftest.c  >&5
configure:2543: $? = 0
configure:2565: result: 
configure:2587: checking whether we are cross compiling
configure:2595: gcc -o conftest   -I/usr/local/Cellar/pcre/8.40/include  conftest.c  >&5
configure:2599: $? = 0
configure:2606: ./conftest
configure:2610: $? = 0
configure:2625: result: no
configure:2630: checking for suffix of object files
configure:2652: gcc -c   -I/usr/local/Cellar/pcre/8.40/include conftest.c >&5
configure:2656: $? = 0
configure:2677: result: o
configure:2681: checking whether we are using the GNU C compiler
configure:2700: gcc -c   -I/usr/local/Cellar/pcre/8.40/include conftest.c >&5
configure:2700: $? = 0
configure:2709: result: yes
configure:2718: checking whether gcc accepts -g
configure:2738: gcc -c -g  -I/usr/local/Cellar/pcre/8.40/include conftest.c >&5
configure:2738: $? = 0
configure:2779: result: yes
configure:2796: checking for gcc option to accept ISO C89
configure:2859: gcc  -c -g -O2  -I/usr/local/Cellar/pcre/8.40/include conftest.c >&5
configure:2859: $? = 0
configure:2872: result: none needed
configure:2897: checking how to run the C preprocessor
configure:2928: gcc -E  -I/usr/local/Cellar/pcre/8.40/include conftest.c
configure:2928: $? = 0
configure:2942: gcc -E  -I/usr/local/Cellar/pcre/8.40/include conftest.c
conftest.c:9:10: fatal error: 'ac_nonexistent.h' file not found
#include <ac_nonexistent.h>
         ^
1 error generated.
configure:2942: $? = 1
configure: failed program was:
| /* confdefs.h */
| #define PACKAGE_NAME "ccache-swig"
| #define PACKAGE_TARNAME "ccache-swig"
| #define PACKAGE_VERSION "0.0"
| #define PACKAGE_STRING "ccache-swig 0.0"
| #define PACKAGE_BUGREPORT ""
| #define PACKAGE_URL ""
| /* end confdefs.h.  */
| #include <ac_nonexistent.h>
configure:2967: result: gcc -E
configure:2987: gcc -E  -I/usr/local/Cellar/pcre/8.40/include conftest.c
configure:2987: $? = 0
configure:3001: gcc -E  -I/usr/local/Cellar/pcre/8.40/include conftest.c
conftest.c:9:10: fatal error: 'ac_nonexistent.h' file not found
#include <ac_nonexistent.h>
         ^
1 error generated.
configure:3001: $? = 1
configure: failed program was:
| /* confdefs.h */
| #define PACKAGE_NAME "ccache-swig"
| #define PACKAGE_TARNAME "ccache-swig"
| #define PACKAGE_VERSION "0.0"
| #define PACKAGE_STRING "ccache-swig 0.0"
| #define PACKAGE_BUGREPORT ""
| #define PACKAGE_URL ""
| /* end confdefs.h.  */
| #include <ac_nonexistent.h>
configure:3072: checking for a BSD-compatible install
configure:3140: result: /usr/local/bin/ginstall -c
configure:3178: checking for dirent.h that defines DIR
configure:3197: gcc -c -g -O2 -Wall -W  -I/usr/local/Cellar/pcre/8.40/include conftest.c >&5
configure:3197: $? = 0
configure:3205: result: yes
configure:3218: checking for library containing opendir
configure:3249: gcc -o conftest -g -O2 -Wall -W  -I/usr/local/Cellar/pcre/8.40/include  conftest.c  >&5
configure:3249: $? = 0
configure:3266: result: none required
configure:3333: checking whether time.h and sys/time.h may both be included
configure:3353: gcc -c -g -O2 -Wall -W  -I/usr/local/Cellar/pcre/8.40/include conftest.c >&5
configure:3353: $? = 0
configure:3360: result: yes
configure:3368: checking for sys/wait.h that is POSIX.1 compatible
configure:3394: gcc -c -g -O2 -Wall -W  -I/usr/local/Cellar/pcre/8.40/include conftest.c >&5
configure:3394: $? = 0
configure:3401: result: yes
configure:3411: checking for grep that handles long lines and -e
configure:3469: result: /usr/bin/grep
configure:3474: checking for egrep
configure:3536: result: /usr/bin/grep -E
configure:3541: checking for ANSI C header files
configure:3561: gcc -c -g -O2 -Wall -W  -I/usr/local/Cellar/pcre/8.40/include conftest.c >&5
configure:3561: $? = 0
configure:3634: gcc -o conftest -g -O2 -Wall -W  -I/usr/local/Cellar/pcre/8.40/include  conftest.c  >&5
configure:3634: $? = 0
configure:3634: ./conftest
configure:3634: $? = 0
configure:3645: result: yes
configure:3658: checking for sys/types.h
configure:3658: gcc -c -g -O2 -Wall -W  -I/usr/local/Cellar/pcre/8.40/include conftest.c >&5
configure:3658: $? = 0
configure:3658: result: yes
configure:3658: checking for sys/stat.h
configure:3658: gcc -c -g -O2 -Wall -W  -I/usr/local/Cellar/pcre/8.40/include conftest.c >&5
configure:3658: $? = 0
configure:3658: result: yes
configure:3658: checking for stdlib.h
configure:3658: gcc -c -g -O2 -Wall -W  -I/usr/local/Cellar/pcre/8.40/include conftest.c >&5
configure:3658: $? = 0
configure:3658: result: yes
configure:3658: checking for string.h
configure:3658: gcc -c -g -O2 -Wall -W  -I/usr/local/Cellar/pcre/8.40/include conftest.c >&5
configure:3658: $? = 0
configure:3658: result: yes
configure:3658: checking for memory.h
configure:3658: gcc -c -g -O2 -Wall -W  -I/usr/local/Cellar/pcre/8.40/include conftest.c >&5
configure:3658: $? = 0
configure:3658: result: yes
configure:3658: checking for strings.h
configure:3658: gcc -c -g -O2 -Wall -W  -I/usr/local/Cellar/pcre/8.40/include conftest.c >&5
configure:3658: $? = 0
configure:3658: result: yes
configure:3658: checking for inttypes.h
configure:3658: gcc -c -g -O2 -Wall -W  -I/usr/local/Cellar/pcre/8.40/include conftest.c >&5
configure:3658: $? = 0
configure:3658: result: yes
configure:3658: checking for stdint.h
configure:3658: gcc -c -g -O2 -Wall -W  -I/usr/local/Cellar/pcre/8.40/include conftest.c >&5
configure:3658: $? = 0
configure:3658: result: yes
configure:3658: checking for unistd.h
configure:3658: gcc -c -g -O2 -Wall -W  -I/usr/local/Cellar/pcre/8.40/include conftest.c >&5
configure:3658: $? = 0
configure:3658: result: yes
configure:3673: checking ctype.h usability
configure:3673: gcc -c -g -O2 -Wall -W  -I/usr/local/Cellar/pcre/8.40/include conftest.c >&5
configure:3673: $? = 0
configure:3673: result: yes
configure:3673: checking ctype.h presence
configure:3673: gcc -E  -I/usr/local/Cellar/pcre/8.40/include conftest.c
configure:3673: $? = 0
configure:3673: result: yes
configure:3673: checking for ctype.h
configure:3673: result: yes
configure:3673: checking for strings.h
configure:3673: result: yes
configure:3673: checking for stdlib.h
configure:3673: result: yes
configure:3673: checking for string.h
configure:3673: result: yes
configure:3673: checking pwd.h usability
configure:3673: gcc -c -g -O2 -Wall -W  -I/usr/local/Cellar/pcre/8.40/include conftest.c >&5
configure:3673: $? = 0
configure:3673: result: yes
configure:3673: checking pwd.h presence
configure:3673: gcc -E  -I/usr/local/Cellar/pcre/8.40/include conftest.c
configure:3673: $? = 0
configure:3673: result: yes
configure:3673: checking for pwd.h
configure:3673: result: yes
configure:3673: checking sys/time.h usability
configure:3673: gcc -c -g -O2 -Wall -W  -I/usr/local/Cellar/pcre/8.40/include conftest.c >&5
configure:3673: $? = 0
configure:3673: result: yes
configure:3673: checking sys/time.h presence
configure:3673: gcc -E  -I/usr/local/Cellar/pcre/8.40/include conftest.c
configure:3673: $? = 0
configure:3673: result: yes
configure:3673: checking for sys/time.h
configure:3673: result: yes
configure:3687: checking for realpath
configure:3687: gcc -o conftest -g -O2 -Wall -W  -I/usr/local/Cellar/pcre/8.40/include  conftest.c  >&5
configure:3687: $? = 0
configure:3687: result: yes
configure:3687: checking for snprintf
configure:3687: gcc -o conftest -g -O2 -Wall -W  -I/usr/local/Cellar/pcre/8.40/include  conftest.c  >&5
conftest.c:53:6: warning: incompatible redeclaration of library function 'snprintf' [-Wincompatible-library-redeclaration]
char snprintf ();
     ^
conftest.c:53:6: note: 'snprintf' is a builtin with type 'int (char *, unsigned long, const char *, ...)'
1 warning generated.
configure:3687: $? = 0
configure:3687: result: yes
configure:3687: checking for vsnprintf
configure:3687: gcc -o conftest -g -O2 -Wall -W  -I/usr/local/Cellar/pcre/8.40/include  conftest.c  >&5
conftest.c:54:6: warning: incompatible redeclaration of library function 'vsnprintf' [-Wincompatible-library-redeclaration]
char vsnprintf ();
     ^
conftest.c:54:6: note: 'vsnprintf' is a builtin with type 'int (char *, unsigned long, const char *, struct __va_list_tag *)'
1 warning generated.
configure:3687: $? = 0
configure:3687: result: yes
configure:3687: checking for vasprintf
configure:3687: gcc -o conftest -g -O2 -Wall -W  -I/usr/local/Cellar/pcre/8.40/include  conftest.c  >&5
conftest.c:66:19: warning: format string missing [-Wformat]
return vasprintf ();
       ~~~~~~~~~  ^
1 warning generated.
configure:3687: $? = 0
configure:3687: result: yes
configure:3687: checking for asprintf
configure:3687: gcc -o conftest -g -O2 -Wall -W  -I/usr/local/Cellar/pcre/8.40/include  conftest.c  >&5
conftest.c:67:18: warning: format string missing [-Wformat]
return asprintf ();
       ~~~~~~~~  ^
1 warning generated.
configure:3687: $? = 0
configure:3687: result: yes
configure:3687: checking for mkstemp
configure:3687: gcc -o conftest -g -O2 -Wall -W  -I/usr/local/Cellar/pcre/8.40/include  conftest.c  >&5
configure:3687: $? = 0
configure:3687: result: yes
configure:3699: checking for gethostname
configure:3699: gcc -o conftest -g -O2 -Wall -W  -I/usr/local/Cellar/pcre/8.40/include  conftest.c  >&5
configure:3699: $? = 0
configure:3699: result: yes
configure:3699: checking for getpwuid
configure:3699: gcc -o conftest -g -O2 -Wall -W  -I/usr/local/Cellar/pcre/8.40/include  conftest.c  >&5
configure:3699: $? = 0
configure:3699: result: yes
configure:3710: checking for utimes
configure:3710: gcc -o conftest -g -O2 -Wall -W  -I/usr/local/Cellar/pcre/8.40/include  conftest.c  >&5
configure:3710: $? = 0
configure:3710: result: yes
configure:3720: checking for compar_fn_t in stdlib.h
configure:3739: gcc -c -g -O2 -Wall -W  -I/usr/local/Cellar/pcre/8.40/include conftest.c >&5
conftest.c:43:20: error: function definition is not allowed here
void test_fn(void) { qsort(NULL, 0, 0, (__compar_fn_t)NULL); }
                   ^
1 error generated.
configure:3739: $? = 1
configure: failed program was:
| /* confdefs.h */
| #define PACKAGE_NAME "ccache-swig"
| #define PACKAGE_TARNAME "ccache-swig"
| #define PACKAGE_VERSION "0.0"
| #define PACKAGE_STRING "ccache-swig 0.0"
| #define PACKAGE_BUGREPORT ""
| #define PACKAGE_URL ""
| #define _GNU_SOURCE 1
| #define HAVE_DIRENT_H 1
| #define TIME_WITH_SYS_TIME 1
| #define HAVE_SYS_WAIT_H 1
| #define STDC_HEADERS 1
| #define HAVE_SYS_TYPES_H 1
| #define HAVE_SYS_STAT_H 1
| #define HAVE_STDLIB_H 1
| #define HAVE_STRING_H 1
| #define HAVE_MEMORY_H 1
| #define HAVE_STRINGS_H 1
| #define HAVE_INTTYPES_H 1
| #define HAVE_STDINT_H 1
| #define HAVE_UNISTD_H 1
| #define HAVE_CTYPE_H 1
| #define HAVE_STRINGS_H 1
| #define HAVE_STDLIB_H 1
| #define HAVE_STRING_H 1
| #define HAVE_PWD_H 1
| #define HAVE_SYS_TIME_H 1
| #define HAVE_REALPATH 1
| #define HAVE_SNPRINTF 1
| #define HAVE_VSNPRINTF 1
| #define HAVE_VASPRINTF 1
| #define HAVE_ASPRINTF 1
| #define HAVE_MKSTEMP 1
| #define HAVE_GETHOSTNAME 1
| #define HAVE_GETPWUID 1
| #define HAVE_UTIMES 1
| /* end confdefs.h.  */
| #include <stdlib.h>
| int
| main ()
| {
| 
| void test_fn(void) { qsort(NULL, 0, 0, (__compar_fn_t)NULL); }
| 
|   ;
|   return 0;
| }
configure:3746: result: no
configure:3754: checking for C99 vsnprintf
configure:3785: gcc -o conftest -g -O2 -Wall -W  -I/usr/local/Cellar/pcre/8.40/include  conftest.c  >&5
conftest.c:47:14: warning: implicitly declaring library function 'vsnprintf' with type 'int (char *, unsigned long, const char *, struct __va_list_tag *)' [-Wimplicit-function-declaration]
       len = vsnprintf(0, 0, format, ap);
             ^
conftest.c:47:14: note: include the header <stdio.h> or explicitly provide a declaration for 'vsnprintf'
conftest.c:49:22: warning: implicitly declaring library function 'exit' with type 'void (int) __attribute__((noreturn))' [-Wimplicit-function-declaration]
       if (len != 5) exit(1);
                     ^
conftest.c:49:22: note: include the header <stdlib.h> or explicitly provide a declaration for 'exit'
conftest.c:51:12: warning: implicitly declaring library function 'snprintf' with type 'int (char *, unsigned long, const char *, ...)' [-Wimplicit-function-declaration]
       if (snprintf(buf, 3, "hello") != 5 || strcmp(buf, "he") != 0) exit(1);
           ^
conftest.c:51:12: note: include the header <stdio.h> or explicitly provide a declaration for 'snprintf'
conftest.c:51:46: warning: implicitly declaring library function 'strcmp' with type 'int (const char *, const char *)' [-Wimplicit-function-declaration]
       if (snprintf(buf, 3, "hello") != 5 || strcmp(buf, "he") != 0) exit(1);
                                             ^
conftest.c:51:46: note: include the header <string.h> or explicitly provide a declaration for 'strcmp'
conftest.c:55:1: warning: type specifier missing, defaults to 'int' [-Wimplicit-int]
main() { foo("hello"); }
^
5 warnings generated.
configure:3785: $? = 0
configure:3785: ./conftest
configure:3785: $? = 0
configure:3795: result: yes
configure:3812: checking zlib.h usability
configure:3812: gcc -c -g -O2 -Wall -W  -I/usr/local/Cellar/pcre/8.40/include conftest.c >&5
configure:3812: $? = 0
configure:3812: result: yes
configure:3812: checking zlib.h presence
configure:3812: gcc -E  -I/usr/local/Cellar/pcre/8.40/include conftest.c
configure:3812: $? = 0
configure:3812: result: yes
configure:3812: checking for zlib.h
configure:3812: result: yes
configure:3814: checking for gzdopen in -lz
configure:3839: gcc -o conftest -g -O2 -Wall -W  -I/usr/local/Cellar/pcre/8.40/include  conftest.c -lz   >&5
configure:3839: $? = 0
configure:3848: result: yes
configure:3978: creating ./config.status

## ---------------------- ##
## Running config.status. ##
## ---------------------- ##

This file was extended by ccache-swig config.status 0.0, which was
generated by GNU Autoconf 2.69.  Invocation command line was

  CONFIG_FILES    = 
  CONFIG_HEADERS  = 
  CONFIG_LINKS    = 
  CONFIG_COMMANDS = 
  $ ./config.status 

on localhost

config.status:822: creating Makefile
config.status:822: creating config.h
config.status:997: config.h is unchanged

## ---------------- ##
## Cache variables. ##
## ---------------- ##

ac_cv_c_compiler_gnu=yes
ac_cv_env_CC_set=
ac_cv_env_CC_value=
ac_cv_env_CFLAGS_set=
ac_cv_env_CFLAGS_value=
ac_cv_env_CPPFLAGS_set=set
ac_cv_env_CPPFLAGS_value=' -I/usr/local/Cellar/pcre/8.40/include'
ac_cv_env_CPP_set=
ac_cv_env_CPP_value=
ac_cv_env_LDFLAGS_set=set
ac_cv_env_LDFLAGS_value=
ac_cv_env_LIBS_set=
ac_cv_env_LIBS_value=
ac_cv_env_build_alias_set=
ac_cv_env_build_alias_value=
ac_cv_env_host_alias_set=
ac_cv_env_host_alias_value=
ac_cv_env_target_alias_set=
ac_cv_env_target_alias_value=
ac_cv_func_asprintf=yes
ac_cv_func_gethostname=yes
ac_cv_func_getpwuid=yes
ac_cv_func_mkstemp=yes
ac_cv_func_realpath=yes
ac_cv_func_snprintf=yes
ac_cv_func_utimes=yes
ac_cv_func_vasprintf=yes
ac_cv_func_vsnprintf=yes
ac_cv_header_ctype_h=yes
ac_cv_header_dirent_dirent_h=yes
ac_cv_header_inttypes_h=yes
ac_cv_header_memory_h=yes
ac_cv_header_pwd_h=yes
ac_cv_header_stdc=yes
ac_cv_header_stdint_h=yes
ac_cv_header_stdlib_h=yes
ac_cv_header_string_h=yes
ac_cv_header_strings_h=yes
ac_cv_header_sys_stat_h=yes
ac_cv_header_sys_time_h=yes
ac_cv_header_sys_types_h=yes
ac_cv_header_sys_wait_h=yes
ac_cv_header_time=yes
ac_cv_header_unistd_h=yes
ac_cv_header_zlib_h=yes
ac_cv_lib_z_gzdopen=yes
ac_cv_objext=o
ac_cv_path_EGREP='/usr/bin/grep -E'
ac_cv_path_GREP=/usr/bin/grep
ac_cv_path_install='/usr/local/bin/ginstall -c'
ac_cv_prog_CPP='gcc -E'
ac_cv_prog_ac_ct_CC=gcc
ac_cv_prog_cc_c89=
ac_cv_prog_cc_g=yes
ac_cv_search_opendir='none required'
ccache_cv_COMPAR_FN_T=no
ccache_cv_HAVE_C99_VSNPRINTF=yes

## ----------------- ##
## Output variables. ##
## ----------------- ##

CC='gcc'
CFLAGS='-g -O2 -Wall -W'
CPP='gcc -E'
CPPFLAGS=' -I/usr/local/Cellar/pcre/8.40/include'
DEFS='-DHAVE_CONFIG_H'
ECHO_C='\c'
ECHO_N=''
ECHO_T=''
EGREP='/usr/bin/grep -E'
EXEEXT=''
GREP='/usr/bin/grep'
INSTALL_DATA='${INSTALL} -m 644'
INSTALL_PROGRAM='${INSTALL}'
INSTALL_SCRIPT='${INSTALL}'
LDFLAGS=''
LIBOBJS=''
LIBS='-lz '
LTLIBOBJS=''
OBJEXT='o'
PACKAGE_BUGREPORT=''
PACKAGE_NAME='ccache-swig'
PACKAGE_STRING='ccache-swig 0.0'
PACKAGE_TARNAME='ccache-swig'
PACKAGE_URL=''
PACKAGE_VERSION='0.0'
PATH_SEPARATOR=':'
SHELL='/bin/sh'
ac_ct_CC='gcc'
bindir='${exec_prefix}/bin'
build_alias=''
datadir='${datarootdir}'
datarootdir='${prefix}/share'
docdir='${datarootdir}/doc/${PACKAGE_TARNAME}'
dvidir='${docdir}'
exec_prefix='${prefix}'
host_alias=''
htmldir='${docdir}'
includedir='${prefix}/include'
infodir='${datarootdir}/info'
libdir='${exec_prefix}/lib'
libexecdir='${exec_prefix}/libexec'
localedir='${datarootdir}/locale'
localstatedir='${prefix}/var'
mandir='${datarootdir}/man'
oldincludedir='/usr/include'
pdfdir='${docdir}'
prefix='/usr/local'
program_transform_name='s,x,x,'
psdir='${docdir}'
sbindir='${exec_prefix}/sbin'
sharedstatedir='${prefix}/com'
sysconfdir='${prefix}/etc'
target_alias=''

## ----------- ##
## confdefs.h. ##
## ----------- ##

/* confdefs.h */
#define PACKAGE_NAME "ccache-swig"
#define PACKAGE_TARNAME "ccache-swig"
#define PACKAGE_VERSION "0.0"
#define PACKAGE_STRING "ccache-swig 0.0"
#define PACKAGE_BUGREPORT ""
#define PACKAGE_URL ""
#define _GNU_SOURCE 1
#define HAVE_DIRENT_H 1
#define TIME_WITH_SYS_TIME 1
#define HAVE_SYS_WAIT_H 1
#define STDC_HEADERS 1
#define HAVE_SYS_TYPES_H 1
#define HAVE_SYS_STAT_H 1
#define HAVE_STDLIB_H 1
#define HAVE_STRING_H 1
#define HAVE_MEMORY_H 1
#define HAVE_STRINGS_H 1
#define HAVE_INTTYPES_H 1
#define HAVE_STDINT_H 1
#define HAVE_UNISTD_H 1
#define HAVE_CTYPE_H 1
#define HAVE_STRINGS_H 1
#define HAVE_STDLIB_H 1
#define HAVE_STRING_H 1
#define HAVE_PWD_H 1
#define HAVE_SYS_TIME_H 1
#define HAVE_REALPATH 1
#define HAVE_SNPRINTF 1
#define HAVE_VSNPRINTF 1
#define HAVE_VASPRINTF 1
#define HAVE_ASPRINTF 1
#define HAVE_MKSTEMP 1
#define HAVE_GETHOSTNAME 1
#define HAVE_GETPWUID 1
#define HAVE_UTIMES 1
#define HAVE_C99_VSNPRINTF 1
#define ENABLE_ZLIB 1

configure: exit 0
